<?xml version="1.0" encoding="UTF-8"?>
<!-- Generated by org.testng.reporters.JUnitReportReporter -->
<testsuite hostname="LAPTOP-VDM8PDUT" failures="0" tests="1" name="test_NG.Class_002" time="0.188" errors="0" timestamp="2024-06-20T12:03:16 IST" skipped="0">
  <testcase classname="test_NG.Class_002" name="f" time="0.188"/>
  <system-out/>
</testsuite> <!-- test_NG.Class_002 -->
